<?xml version="1.0" encoding="UTF-8"?>
<testng-results skipped="0" failed="0" ignored="10" total="11" passed="1">
  <reporter-output>
  </reporter-output>
  <suite name="Default suite" duration-ms="47" started-at="2020-11-09T09:21:55Z" finished-at="2020-11-09T09:21:55Z">
    <groups>
    </groups>
    <test name="Default test" duration-ms="47" started-at="2020-11-09T09:21:55Z" finished-at="2020-11-09T09:21:55Z">
      <class name="JavaPrograms.AgainJava_2">
        <test-method status="PASS" signature="testToFindUniqueNumber()[pri:0, instance:JavaPrograms.AgainJava_2@1aeed2f]" name="testToFindUniqueNumber" duration-ms="12" started-at="2020-11-09T14:51:55Z" finished-at="2020-11-09T14:51:55Z">
          <reporter-output>
          </reporter-output>
        </test-method> <!-- testToFindUniqueNumber -->
      </class> <!-- JavaPrograms.AgainJava_2 -->
    </test> <!-- Default test -->
  </suite> <!-- Default suite -->
</testng-results>
