<?xml version="1.0" encoding="UTF-8"?>
<!-- Generated by org.testng.reporters.JUnitXMLReporter -->
<testsuite hostname="BG1NB1012" ignored="10" name="Default test" tests="1" failures="0" timestamp="09 Nov 2020 09:21:55 GMT" time="0.047" errors="0">
  <testcase name="testToFindUniqueNumber" time="0.012" classname="JavaPrograms.AgainJava_2"/>
  <testcase name="testStrings1" time="0.0" classname="JavaPrograms.AgainJava_2">
    <ignored/>
  </testcase> <!-- testStrings1 -->
  <testcase name="removeDuplicatesFromArray" time="0.0" classname="JavaPrograms.AgainJava_2">
    <ignored/>
  </testcase> <!-- removeDuplicatesFromArray -->
  <testcase name="testPalindrome" time="0.0" classname="JavaPrograms.AgainJava_2">
    <ignored/>
  </testcase> <!-- testPalindrome -->
  <testcase name="testExcel" time="0.0" classname="JavaPrograms.AgainJava_2">
    <ignored/>
  </testcase> <!-- testExcel -->
  <testcase name="testPrime" time="0.0" classname="JavaPrograms.AgainJava_2">
    <ignored/>
  </testcase> <!-- testPrime -->
  <testcase name="testToSumTheDigits" time="0.0" classname="JavaPrograms.AgainJava_2">
    <ignored/>
  </testcase> <!-- testToSumTheDigits -->
  <testcase name="swapArray" time="0.0" classname="JavaPrograms.AgainJava_2">
    <ignored/>
  </testcase> <!-- swapArray -->
  <testcase name="testArmsStrongNumber" time="0.0" classname="JavaPrograms.AgainJava_2">
    <ignored/>
  </testcase> <!-- testArmsStrongNumber -->
  <testcase name="testStars" time="0.0" classname="JavaPrograms.AgainJava_2">
    <ignored/>
  </testcase> <!-- testStars -->
  <testcase name="testSorting" time="0.0" classname="JavaPrograms.AgainJava_2">
    <ignored/>
  </testcase> <!-- testSorting -->
</testsuite> <!-- Default test -->
